<?xml version="1.0" encoding="UTF-8"?>
<testsuite xmlns:xsi="http://www.w3.org/2001/XMLSchema-instance" xsi:noNamespaceSchemaLocation="https://maven.apache.org/surefire/maven-surefire-plugin/xsd/surefire-test-report.xsd" version="3.0.2" name="com.example.rollbacklab.OrderServiceTest" time="1.971" tests="1" errors="0" skipped="0" failures="1">
  <properties>
[...]
</properties>
  <testcase name="rejectedOrderIsNotPersisted" classname="com.example.rollbacklab.OrderServiceTest" time="0.822">
    <failure message="[拒否された注文はトランザクション終了後に残らない] &#10;expected: 0&#10; but was: 1" type="org.opentest4j.AssertionFailedError"><![CDATA[org.opentest4j.AssertionFailedError: 
[拒否された注文はトランザクション終了後に残らない] 
expected: 0
 but was: 1
	at com.example.rollbacklab.OrderServiceTest.rejectedOrderIsNotPersisted(OrderServiceTest.java:32)
	at java.base/java.lang.reflect.Method.invoke(Method.java:580)
	at java.base/java.util.ArrayList.forEach(ArrayList.java:1596)
	at java.base/java.util.ArrayList.forEach(ArrayList.java:1596)
]]></failure>
    <system-out><![CDATA[08:23:58.900 [main] INFO org.springframework.test.context.support.AnnotationConfigContextLoaderUtils -- Could not detect default configuration classes for test class [com.example.rollbacklab.OrderServiceTest]: OrderServiceTest does not declare any static, non-private, non-final, nested classes annotated with @Configuration.
08:23:58.993 [main] INFO org.springframework.boot.test.context.SpringBootTestContextBootstrapper -- Found @SpringBootConfiguration com.example.rollbacklab.RollbackLabApplication for test class com.example.rollbacklab.OrderServiceTest

  .   ____          _            __ _ _
 /\\ / ___'_ __ _ _(_)_ __  __ _ \ \ \ \
( ( )\___ | '_ | '_| | '_ \/ _` | \ \ \ \
 \\/  ___)| |_)| | | | | || (_| |  ) ) ) )
  '  |____| .__|_| |_|_| |_\__, | / / / /
 =========|_|==============|___/=/_/_/_/

 :: Spring Boot ::                (v3.4.5)

2026-08-17T08:23:59.320Z  INFO 2930 --- [           main] c.example.rollbacklab.OrderServiceTest   : Starting OrderServiceTest using Java 21.0.11 with PID 2930 (started by ubuntu in /home/ubuntu/spring-transaction-rollback-lab)
2026-08-17T08:23:59.321Z  INFO 2930 --- [           main] c.example.rollbacklab.OrderServiceTest   : No active profile set, falling back to 1 default profile: "default"
2026-08-17T08:23:59.908Z  INFO 2930 --- [           main] c.example.rollbacklab.OrderServiceTest   : Started OrderServiceTest in 0.809 seconds (process running for 1.567)
2026-08-17T08:23:59.925Z  INFO 2930 --- [           main] com.zaxxer.hikari.HikariDataSource       : HikariPool-1 - Starting...
2026-08-17T08:24:00.079Z  INFO 2930 --- [           main] com.zaxxer.hikari.pool.HikariPool        : HikariPool-1 - Added connection conn0: url=jdbc:h2:mem:af79c6c6-d1cb-4819-9f49-e73c55fe1760 user=SA
2026-08-17T08:24:00.080Z  INFO 2930 --- [           main] com.zaxxer.hikari.HikariDataSource       : HikariPool-1 - Start completed.
]]></system-out>
    <system-err><![CDATA[Mockito is currently self-attaching to enable the inline-mock-maker. This will no longer work in future releases of the JDK. Please add Mockito as an agent to your build what is described in Mockito's documentation: https://javadoc.io/doc/org.mockito/mockito-core/latest/org/mockito/Mockito.html#0.3
WARNING: A Java agent has been loaded dynamically (/home/ubuntu/.m2/repository/net/bytebuddy/byte-buddy-agent/1.15.11/byte-buddy-agent-1.15.11.jar)
WARNING: If a serviceability tool is in use, please run with -XX:+EnableDynamicAgentLoading to hide this warning
WARNING: If a serviceability tool is not in use, please run with -Djdk.instrument.traceUsage for more information
WARNING: Dynamic loading of agents will be disallowed by default in a future release
]]></system-err>
  </testcase>
</testsuite>